2026-04-13 14:03:13 | ✅ 读取序列：64954 | 正：32477 | 负：32477
2026-04-13 14:03:35 | 
Sn	Sp	Acc	MCC	Prec	F1	ROC-AUC	PR-AUC
2026-04-13 14:03:35 | 
========== Fold 1/10 ==========
2026-04-13 14:04:33 | 0.7262	0.9403	0.8310	0.6800	0.9269	0.8143	0.9161	0.9315
2026-04-13 14:04:33 | 
========== Fold 2/10 ==========
2026-04-13 14:05:25 | 0.7335	0.9405	0.8385	0.6904	0.9230	0.8174	0.9186	0.9295
2026-04-13 14:05:25 | 
========== Fold 3/10 ==========
2026-04-13 14:06:17 | 0.7274	0.9376	0.8322	0.6799	0.9214	0.8130	0.9132	0.9277
2026-04-13 14:06:17 | 
========== Fold 4/10 ==========
2026-04-13 14:07:10 | 0.6980	0.9387	0.8214	0.6587	0.9155	0.7921	0.9065	0.9182
2026-04-13 14:07:10 | 
========== Fold 5/10 ==========
2026-04-13 14:08:01 | 0.7095	0.9340	0.8220	0.6606	0.9144	0.7990	0.9079	0.9214
2026-04-13 14:08:01 | 
========== Fold 6/10 ==========
2026-04-13 14:08:57 | 0.7092	0.9370	0.8217	0.6624	0.9203	0.8010	0.9072	0.9229
2026-04-13 14:08:57 | 
========== Fold 7/10 ==========
2026-04-13 14:09:48 | 0.7318	0.9415	0.8366	0.6886	0.9260	0.8175	0.9152	0.9278
2026-04-13 14:09:48 | 
========== Fold 8/10 ==========
2026-04-13 14:10:40 | 0.7215	0.9362	0.8288	0.6734	0.9189	0.8083	0.9078	0.9236
2026-04-13 14:10:40 | 
========== Fold 9/10 ==========
2026-04-13 14:11:32 | 0.7084	0.9441	0.8265	0.6716	0.9266	0.8029	0.9127	0.9257
2026-04-13 14:11:32 | 
========== Fold 10/10 ==========
2026-04-13 14:12:26 | 0.7211	0.9345	0.8269	0.6703	0.9180	0.8077	0.9106	0.9257
2026-04-13 14:12:26 | 
======================================================================
2026-04-13 14:12:26 |  VirulentPred 2.0 10折平均结果 
2026-04-13 14:12:26 | ======================================================================
2026-04-13 14:12:26 | Sn	Sp	Acc	MCC	Prec	F1	ROC-AUC	PR-AUC
2026-04-13 14:12:26 | 0.7186	0.9384	0.8286	0.6736	0.9211	0.8073	0.9116	0.9254
