2026-04-13 14:14:22 | ✅ 读取序列：64954 | 正样本：32477 | 负样本：32477
2026-04-13 14:14:22 | 开始提取 DeepVF 8种特征...
2026-04-13 14:16:41 | 特征提取完成，维度：(64954, 1692)
2026-04-13 14:16:41 | 
======================================
2026-04-13 14:16:41 |         DeepVF 10折CV 训练开始        
2026-04-13 14:16:41 | ======================================

2026-04-13 14:16:41 | Sn	Sp	Acc	MCC	Prec	F1	ROC-AUC	PR-AUC

2026-04-13 14:16:41 | 
========== Model: RF ==========
2026-04-13 14:17:54 | Fold 1 | 0.7265	0.9230	0.8227	0.6604	0.9077	0.8070	0.9005	0.9203
2026-04-13 14:19:06 | Fold 2 | 0.7366	0.9217	0.8305	0.6711	0.9014	0.8107	0.9050	0.9189
2026-04-13 14:20:18 | Fold 3 | 0.7218	0.9176	0.8194	0.6518	0.8980	0.8003	0.8993	0.9165
2026-04-13 14:21:30 | Fold 4 | 0.6971	0.9168	0.8097	0.6314	0.8885	0.7812	0.8936	0.9074
2026-04-13 14:22:45 | Fold 5 | 0.7027	0.9223	0.8128	0.6409	0.9000	0.7892	0.8957	0.9109
2026-04-13 14:24:00 | Fold 6 | 0.7101	0.9214	0.8145	0.6450	0.9026	0.7948	0.8967	0.9135
2026-04-13 14:25:17 | Fold 7 | 0.7225	0.9119	0.8172	0.6462	0.8913	0.7981	0.9017	0.9167
2026-04-13 14:26:29 | Fold 8 | 0.7239	0.9104	0.8171	0.6455	0.8899	0.7984	0.8972	0.9133
2026-04-13 14:27:44 | Fold 9 | 0.7115	0.9226	0.8172	0.6489	0.9015	0.7953	0.9016	0.9158
2026-04-13 14:28:58 | Fold10 | 0.7224	0.9146	0.8177	0.6484	0.8958	0.7998	0.8985	0.9161
2026-04-13 14:28:58 | 
------------------------------------------------------------
2026-04-13 14:28:58 | RF 10折平均:
2026-04-13 14:28:58 | 0.7175	0.9182	0.8179	0.6490	0.8977	0.7975	0.8990	0.9149
2026-04-13 14:28:58 | ------------------------------------------------------------

2026-04-13 14:28:58 | 
========== Model: SVM ==========
