2026-04-14 08:45:21 | ✅ 读取序列：64954 | 正：32477 | 负：32477
2026-04-14 08:46:39 | 
Sn	Sp	Acc	MCC	Prec	F1	ROC-AUC	PR-AUC
2026-04-14 08:46:39 | 
========== Fold 1/10 ==========
2026-04-14 08:49:32 | 0.7232	0.9267	0.8228	0.6618	0.9114	0.8065	0.9015	0.9210
2026-04-14 08:49:32 | 
========== Fold 2/10 ==========
2026-04-14 08:52:11 | 0.7307	0.9205	0.8270	0.6644	0.8993	0.8063	0.9041	0.9176
2026-04-14 08:52:11 | 
========== Fold 3/10 ==========
2026-04-14 08:54:51 | 0.7215	0.9231	0.8220	0.6579	0.9042	0.8026	0.9017	0.9181
2026-04-14 08:54:51 | 
========== Fold 4/10 ==========
2026-04-14 08:57:32 | 0.6961	0.9276	0.8148	0.6436	0.9014	0.7856	0.8951	0.9083
2026-04-14 08:57:32 | 
========== Fold 5/10 ==========
2026-04-14 09:00:14 | 0.7036	0.9241	0.8142	0.6438	0.9022	0.7906	0.8942	0.9107
2026-04-14 09:00:14 | 
========== Fold 6/10 ==========
2026-04-14 09:02:55 | 0.7104	0.9243	0.8160	0.6485	0.9057	0.7962	0.8952	0.9132
2026-04-14 09:02:55 | 
========== Fold 7/10 ==========
2026-04-14 09:05:34 | 0.7151	0.9181	0.8166	0.6467	0.8972	0.7959	0.9018	0.9164
2026-04-14 09:05:34 | 
========== Fold 8/10 ==========
2026-04-14 09:08:16 | 0.7153	0.9153	0.8152	0.6435	0.8942	0.7948	0.8955	0.9127
2026-04-14 09:08:16 | 
========== Fold 9/10 ==========
2026-04-14 09:10:56 | 0.7044	0.9272	0.8160	0.6480	0.9060	0.7926	0.9015	0.9162
2026-04-14 09:10:56 | 
========== Fold 10/10 ==========
2026-04-14 09:13:37 | 0.7068	0.9227	0.8139	0.6439	0.9028	0.7929	0.8956	0.9142
2026-04-14 09:13:37 | 
======================================================================
2026-04-14 09:13:37 |  deepvic 10折平均结果 
2026-04-14 09:13:37 | ======================================================================
2026-04-14 09:13:37 | Sn	Sp	Acc	MCC	Prec	F1	ROC-AUC	PR-AUC
2026-04-14 09:13:37 | 0.7127	0.9230	0.8179	0.6502	0.9025	0.7964	0.8986	0.9148
